<?xml version="1.0" encoding="utf-8"?><testsuites name="pytest tests"><testsuite name="pytest" errors="0" failures="0" skipped="0" tests="11" time="2.383" timestamp="2026-06-09T09:08:50.141463+00:00" hostname="agent-env-1c673b65-098d-42da-8636-cc6c5b3db035"><testcase classname="backend.tests.test_payments" name="test_publishable_key" time="0.235" /><testcase classname="backend.tests.test_payments" name="test_create_intent_usd_yume_3_nights" time="0.483" /><testcase classname="backend.tests.test_payments" name="test_payment_status_freshly_created" time="0.218" /><testcase classname="backend.tests.test_payments" name="test_create_intent_variants[nyara-USD]" time="0.255" /><testcase classname="backend.tests.test_payments" name="test_create_intent_variants[yume-EUR]" time="0.251" /><testcase classname="backend.tests.test_payments" name="test_create_intent_variants[nyara-GBP]" time="0.235" /><testcase classname="backend.tests.test_payments" name="test_unsupported_currency" time="0.045" /><testcase classname="backend.tests.test_payments" name="test_unknown_stay" time="0.050" /><testcase classname="backend.tests.test_payments" name="test_check_out_before_check_in" time="0.045" /><testcase classname="backend.tests.test_payments" name="test_nights_over_60" time="0.045" /><testcase classname="backend.tests.test_payments" name="test_db_record_created" time="0.419" /></testsuite></testsuites>